[08-12-2024 18:35:29.080 INFO com.schedulingAmes.TC_01_stockPlan] - TC_01_stockPlan- Step 1: Click on main menu
[08-12-2024 18:35:30.387 INFO com.schedulingAmes.TC_01_stockPlan] - TC_01_stockPlan- Step 2: Click on Stock Plan menu
[08-12-2024 18:35:30.482 INFO com.schedulingAmes.TC_01_stockPlan] - TC_01_stockPlan- Step 3: Click on Stock Plan Child Menu
[08-12-2024 18:35:30.610 INFO com.schedulingAmes.TC_01_stockPlan] - TC_01_stockPlan- Step 4: Select Product Line Dropdown
[08-12-2024 18:35:32.854 INFO com.schedulingAmes.TC_01_stockPlan] - TC_01_stockPlan- Step 5: Select Eguipment Group
[08-12-2024 18:35:36.588 INFO com.schedulingAmes.TC_01_stockPlan] - TC_01_stockPlan- Step 6: Select Machine
[08-12-2024 18:35:38.800 INFO com.schedulingAmes.TC_01_stockPlan] - TC_01_stockPlan- Step 6: Click filter
[08-12-2024 18:35:38.903 INFO com.schedulingAmes.TC_01_stockPlan] - TC_01_stockPlan- Step 6: Get the last Stock PO
[08-12-2024 18:35:39.621 INFO com.schedulingAmes.TC_01_stockPlan] - TC_01_stockPlan- Step 7: Click Modify
[08-12-2024 18:35:39.690 INFO com.schedulingAmes.TC_01_stockPlan] - TC_01_stockPlan- Step 8: Verify lock user
[08-12-2024 18:35:40.826 INFO com.schedulingAmes.TC_01_stockPlan] - ------PASSED---------
[08-12-2024 18:35:40.826 INFO com.schedulingAmes.TC_01_stockPlan] - TC_01_stockPlan- Step 9: Click New Stock Plan
[08-12-2024 18:35:43.002 INFO com.schedulingAmes.TC_01_stockPlan] - TC_01_stockPlan- Step 10: Select dropdown product line
[08-12-2024 18:35:45.193 INFO com.schedulingAmes.TC_01_stockPlan] - TC_01_stockPlan- Step 11: Select Machine
[08-12-2024 18:35:49.399 INFO com.schedulingAmes.TC_01_stockPlan] - TC_01_stockPlan- Step 12: Select Article
[08-12-2024 18:35:51.622 INFO com.schedulingAmes.TC_01_stockPlan] - TC_01_stockPlan- Step 13: Enter quantity
[08-12-2024 18:35:53.545 INFO com.schedulingAmes.TC_01_stockPlan] - TC_01_stockPlan- Step13: Verify Start and End date
[08-12-2024 18:35:53.545 INFO com.schedulingAmes.TC_01_stockPlan] - TC_01_stockPlan- Step 14: Select TBM Order Number
[08-12-2024 18:35:55.730 INFO com.schedulingAmes.TC_01_stockPlan] - TC_01_stockPlan- Step 15: Select status
[08-12-2024 18:35:57.927 INFO com.schedulingAmes.TC_01_stockPlan] - TC_01_stockPlan- Step 16: Enter Text comment
[08-12-2024 18:35:58.021 INFO com.schedulingAmes.TC_01_stockPlan] - TC_01_stockPlan- Step 17: Click Save
[08-12-2024 18:35:58.094 INFO com.schedulingAmes.TC_01_stockPlan] - TC_01_stockPlan- Step 18: Verify Stock save success
[08-12-2024 18:36:00.126 INFO com.schedulingAmes.TC_01_stockPlan] - ------PASSED---------
