[17-12-2024 17:39:50.769 INFO com.schedulingAmes.TC_01_stockPlan] - TC_01_stockPlan- Step 1: Click on main menu
[17-12-2024 17:39:51.348 INFO com.schedulingAmes.TC_01_stockPlan] - TC_01_stockPlan- Step 2: Click on Stock Plan menu
[17-12-2024 17:39:51.463 INFO com.schedulingAmes.TC_01_stockPlan] - TC_01_stockPlan- Step 3: Click on Stock Plan Child Menu
[17-12-2024 17:39:51.649 INFO com.schedulingAmes.TC_01_stockPlan] - TC_01_stockPlan- Step 4: Select Product Line Dropdown
[17-12-2024 17:39:53.890 INFO com.schedulingAmes.TC_01_stockPlan] - TC_01_stockPlan- Step 5: Select Eguipment Group
[17-12-2024 17:39:56.499 INFO com.schedulingAmes.TC_01_stockPlan] - TC_01_stockPlan- Step 6: Select Machine
[17-12-2024 17:39:58.720 INFO com.schedulingAmes.TC_01_stockPlan] - TC_01_stockPlan- Step 7: Click filter
[17-12-2024 17:39:58.820 INFO com.schedulingAmes.TC_01_stockPlan] - TC_01_stockPlan- Step 8: Get the last Stock PO
[17-12-2024 17:40:02.993 INFO com.schedulingAmes.TC_01_stockPlan] - TC_01_stockPlan- Step 9: Click Modify
[17-12-2024 17:40:03.066 INFO com.schedulingAmes.TC_01_stockPlan] - TC_01_stockPlan- Step 10: Verify lock user
[17-12-2024 17:40:03.473 INFO com.schedulingAmes.TC_01_stockPlan] - ------PASSED---------
[17-12-2024 17:40:03.473 INFO com.schedulingAmes.TC_01_stockPlan] - TC_01_stockPlan- Step 11: Click New Stock Plan
[17-12-2024 17:40:04.910 INFO com.schedulingAmes.TC_01_stockPlan] - TC_01_stockPlan- Step 12: Select dropdown product line
[17-12-2024 17:40:07.128 INFO com.schedulingAmes.TC_01_stockPlan] - TC_01_stockPlan- Step 13: Select Machine
[17-12-2024 17:40:11.341 INFO com.schedulingAmes.TC_01_stockPlan] - TC_01_stockPlan- Step 14: Select Article
[17-12-2024 17:40:13.606 INFO com.schedulingAmes.TC_01_stockPlan] - TC_01_stockPlan- Step 15: Enter quantity
[17-12-2024 17:40:15.441 INFO com.schedulingAmes.TC_01_stockPlan] - TC_01_stockPlan- Step 16: Select TBM Order Number
[17-12-2024 17:40:17.641 INFO com.schedulingAmes.TC_01_stockPlan] - TC_01_stockPlan- Step 17: Select status
[17-12-2024 17:40:19.812 INFO com.schedulingAmes.TC_01_stockPlan] - TC_01_stockPlan- Step 18: Enter Text comment
[17-12-2024 17:40:19.910 INFO com.schedulingAmes.TC_01_stockPlan] - TC_01_stockPlan- Step19: Verify Start and End date
[17-12-2024 17:40:19.947 INFO com.schedulingAmes.TC_01_stockPlan] - ------PASSED---------
[17-12-2024 17:40:19.947 INFO com.schedulingAmes.TC_01_stockPlan] - TC_01_stockPlan- Step 20: Click Save
[17-12-2024 17:40:20.021 INFO com.schedulingAmes.TC_01_stockPlan] - TC_01_stockPlan- Step 21: Verify Stock save success
[17-12-2024 17:40:20.498 INFO com.schedulingAmes.TC_01_stockPlan] - ------PASSED---------
[17-12-2024 17:40:20.498 INFO com.schedulingAmes.TC_01_stockPlan] - TC_01_stockPlan- Step 22: Verify sort list by time
[17-12-2024 17:40:24.796 INFO com.schedulingAmes.TC_01_stockPlan] - ------FAILED---------
[17-12-2024 17:40:24.796 INFO com.schedulingAmes.TC_01_stockPlan] - TC_01_stockPlan- Step 23: Verify line no is - for PO status is Outputting
