[08-12-2024 19:41:14.773 INFO com.schedulingAmes.TC_01_stockPlan] - TC_01_stockPlan- Step 1: Click on main menu
[08-12-2024 19:41:15.611 INFO com.schedulingAmes.TC_01_stockPlan] - TC_01_stockPlan- Step 2: Click on Stock Plan menu
[08-12-2024 19:41:15.710 INFO com.schedulingAmes.TC_01_stockPlan] - TC_01_stockPlan- Step 3: Click on Stock Plan Child Menu
[08-12-2024 19:41:15.842 INFO com.schedulingAmes.TC_01_stockPlan] - TC_01_stockPlan- Step 4: Select Product Line Dropdown
[08-12-2024 19:41:18.081 INFO com.schedulingAmes.TC_01_stockPlan] - TC_01_stockPlan- Step 5: Select Eguipment Group
[08-12-2024 19:41:21.824 INFO com.schedulingAmes.TC_01_stockPlan] - TC_01_stockPlan- Step 6: Select Machine
[08-12-2024 19:41:24.045 INFO com.schedulingAmes.TC_01_stockPlan] - TC_01_stockPlan- Step 6: Click filter
[08-12-2024 19:41:24.144 INFO com.schedulingAmes.TC_01_stockPlan] - TC_01_stockPlan- Step 6: Get the last Stock PO
[08-12-2024 19:41:24.793 INFO com.schedulingAmes.TC_01_stockPlan] - TC_01_stockPlan- Step 7: Click Modify
[08-12-2024 19:41:24.870 INFO com.schedulingAmes.TC_01_stockPlan] - TC_01_stockPlan- Step 8: Verify lock user
[08-12-2024 19:41:25.581 INFO com.schedulingAmes.TC_01_stockPlan] - ------PASSED---------
[08-12-2024 19:41:25.581 INFO com.schedulingAmes.TC_01_stockPlan] - TC_01_stockPlan- Step 9: Click New Stock Plan
[08-12-2024 19:41:27.258 INFO com.schedulingAmes.TC_01_stockPlan] - TC_01_stockPlan- Step 10: Select dropdown product line
[08-12-2024 19:41:29.485 INFO com.schedulingAmes.TC_01_stockPlan] - TC_01_stockPlan- Step 11: Select Machine
[08-12-2024 19:41:33.708 INFO com.schedulingAmes.TC_01_stockPlan] - TC_01_stockPlan- Step 12: Select Article
[08-12-2024 19:41:35.965 INFO com.schedulingAmes.TC_01_stockPlan] - TC_01_stockPlan- Step 13: Enter quantity
[08-12-2024 19:41:38.435 INFO com.schedulingAmes.TC_01_stockPlan] - TC_01_stockPlan- Step13: Verify Start and End date
[08-12-2024 19:41:38.435 INFO com.schedulingAmes.TC_01_stockPlan] - TC_01_stockPlan- Step 14: Select TBM Order Number
[08-12-2024 19:41:40.635 INFO com.schedulingAmes.TC_01_stockPlan] - TC_01_stockPlan- Step 15: Select status
[08-12-2024 19:41:42.828 INFO com.schedulingAmes.TC_01_stockPlan] - TC_01_stockPlan- Step 16: Enter Text comment
[08-12-2024 19:41:42.921 INFO com.schedulingAmes.TC_01_stockPlan] - TC_01_stockPlan- Step 17: Click Save
[08-12-2024 19:41:42.994 INFO com.schedulingAmes.TC_01_stockPlan] - TC_01_stockPlan- Step 18: Verify Stock save success
[08-12-2024 19:41:43.678 INFO com.schedulingAmes.TC_01_stockPlan] - ------PASSED---------
