[08-12-2024 17:59:28.803 INFO com.schedulingAmes.TC_01_stockPlan] - TC_01_stockPlan- Step 1: Click on main menu
[08-12-2024 17:59:29.603 INFO com.schedulingAmes.TC_01_stockPlan] - TC_01_stockPlan- Step 2: Click on Stock Plan menu
[08-12-2024 17:59:29.725 INFO com.schedulingAmes.TC_01_stockPlan] - TC_01_stockPlan- Step 3: Click on Stock Plan Child Menu
[08-12-2024 17:59:29.855 INFO com.schedulingAmes.TC_01_stockPlan] - TC_01_stockPlan- Step 4: Select Product Line Dropdown
[08-12-2024 17:59:32.067 INFO com.schedulingAmes.TC_01_stockPlan] - TC_01_stockPlan- Step 5: Select Eguipment Group
[08-12-2024 17:59:34.945 INFO com.schedulingAmes.TC_01_stockPlan] - TC_01_stockPlan- Step 6: Select Machine
[08-12-2024 17:59:37.146 INFO com.schedulingAmes.TC_01_stockPlan] - TC_01_stockPlan- Step 6: Click filter
[08-12-2024 17:59:37.245 INFO com.schedulingAmes.TC_01_stockPlan] - TC_01_stockPlan- Step 6: Get the last Stock PO
[08-12-2024 17:59:39.301 INFO com.schedulingAmes.TC_01_stockPlan] - TC_01_stockPlan- Step 7: Click Modify
[08-12-2024 17:59:39.856 INFO com.schedulingAmes.TC_01_stockPlan] - TC_01_stockPlan- Step 8: Verify lock user
[08-12-2024 17:59:40.479 INFO com.schedulingAmes.TC_01_stockPlan] - ------PASSED---------
[08-12-2024 17:59:40.480 INFO com.schedulingAmes.TC_01_stockPlan] - TC_01_stockPlan- Step 9: Click New Stock Plan
[08-12-2024 17:59:42.011 INFO com.schedulingAmes.TC_01_stockPlan] - TC_01_stockPlan- Step 10: Select dropdown product line
[08-12-2024 17:59:44.209 INFO com.schedulingAmes.TC_01_stockPlan] - TC_01_stockPlan- Step 11: Select Machine
[08-12-2024 17:59:48.525 INFO com.schedulingAmes.TC_01_stockPlan] - TC_01_stockPlan- Step 12: Select Article
[08-12-2024 17:59:50.770 INFO com.schedulingAmes.TC_01_stockPlan] - TC_01_stockPlan- Step 13: Enter quantity
[08-12-2024 17:59:53.205 INFO com.schedulingAmes.TC_01_stockPlan] - TC_01_stockPlan- Step13: Verify Start and End date
[08-12-2024 17:59:53.205 INFO com.schedulingAmes.TC_01_stockPlan] - TC_01_stockPlan- Step 14: Select TBM Order Number
[08-12-2024 17:59:55.403 INFO com.schedulingAmes.TC_01_stockPlan] - TC_01_stockPlan- Step 15: Select status
[08-12-2024 17:59:57.580 INFO com.schedulingAmes.TC_01_stockPlan] - TC_01_stockPlan- Step 16: Enter Text comment
[08-12-2024 17:59:57.682 INFO com.schedulingAmes.TC_01_stockPlan] - TC_01_stockPlan- Step 17: Click Save
[08-12-2024 17:59:57.758 INFO com.schedulingAmes.TC_01_stockPlan] - TC_01_stockPlan- Step 18: Verify Stock save success
[08-12-2024 17:59:58.488 INFO com.schedulingAmes.TC_01_stockPlan] - ------PASSED---------
