[03-01-2025 19:35:55.606 INFO com.schedulingAmes.TC_01_stockPlan] - TC_01_stockPlan- Step 1: Click on main menu
[03-01-2025 19:35:56.601 INFO com.schedulingAmes.TC_01_stockPlan] - TC_01_stockPlan- Step 2: Click on Stock Plan menu
[03-01-2025 19:35:56.699 INFO com.schedulingAmes.TC_01_stockPlan] - TC_01_stockPlan- Step 3: Click on Stock Plan Child Menu
[03-01-2025 19:35:56.830 INFO com.schedulingAmes.TC_01_stockPlan] - TC_01_stockPlan- Step 4: Select Product Line Dropdown
[03-01-2025 19:35:59.209 INFO com.schedulingAmes.TC_01_stockPlan] - TC_01_stockPlan- Step 5: Select Eguipment Group
[03-01-2025 19:36:01.862 INFO com.schedulingAmes.TC_01_stockPlan] - TC_01_stockPlan- Step 6: Select Machine
[03-01-2025 19:36:04.051 INFO com.schedulingAmes.TC_01_stockPlan] - TC_01_stockPlan- Step 7: Click filter
[03-01-2025 19:36:04.158 INFO com.schedulingAmes.TC_01_stockPlan] - TC_01_stockPlan- Step 8: Get the last Stock PO
[03-01-2025 19:36:10.855 INFO com.schedulingAmes.TC_01_stockPlan] - TC_01_stockPlan- Step 9: Click Modify
[03-01-2025 19:36:10.928 INFO com.schedulingAmes.TC_01_stockPlan] - TC_01_stockPlan- Step 10: Verify lock user
[03-01-2025 19:36:11.399 INFO com.schedulingAmes.TC_01_stockPlan] - ------PASSED---------
[03-01-2025 19:36:11.400 INFO com.schedulingAmes.TC_01_stockPlan] - TC_01_stockPlan- Step 11: Click New Stock Plan
[03-01-2025 19:36:12.762 INFO com.schedulingAmes.TC_01_stockPlan] - TC_01_stockPlan- Step 12: Select dropdown product line
[03-01-2025 19:36:15.026 INFO com.schedulingAmes.TC_01_stockPlan] - TC_01_stockPlan- Step 13: Select Machine
[03-01-2025 19:36:19.258 INFO com.schedulingAmes.TC_01_stockPlan] - TC_01_stockPlan- Step 14: Select Article
[03-01-2025 19:36:21.509 INFO com.schedulingAmes.TC_01_stockPlan] - TC_01_stockPlan- Step 15: Enter quantity
[03-01-2025 19:36:23.260 INFO com.schedulingAmes.TC_01_stockPlan] - TC_01_stockPlan- Step 16: Select TBM Order Number
[03-01-2025 19:36:25.435 INFO com.schedulingAmes.TC_01_stockPlan] - TC_01_stockPlan- Step 17: Select status
[03-01-2025 19:36:27.624 INFO com.schedulingAmes.TC_01_stockPlan] - TC_01_stockPlan- Step 18: Enter Text comment
[03-01-2025 19:36:27.744 INFO com.schedulingAmes.TC_01_stockPlan] - TC_01_stockPlan- Step19: Verify Start and End date
[03-01-2025 19:36:27.783 INFO com.schedulingAmes.TC_01_stockPlan] - ------PASSED---------
[03-01-2025 19:36:27.783 INFO com.schedulingAmes.TC_01_stockPlan] - TC_01_stockPlan- Step 20: Click Save
[03-01-2025 19:36:27.853 INFO com.schedulingAmes.TC_01_stockPlan] - TC_01_stockPlan- Step 21: Verify Stock save success
[03-01-2025 19:36:28.497 INFO com.schedulingAmes.TC_01_stockPlan] - ------PASSED---------
[03-01-2025 19:36:28.497 INFO com.schedulingAmes.TC_01_stockPlan] - TC_01_stockPlan- Step 22: Verify the new stock PO is created
[03-01-2025 19:36:33.814 INFO com.schedulingAmes.TC_01_stockPlan] - TC_01_stockPlan- Step 01: Select Stock PO
[03-01-2025 19:36:33.814 INFO com.schedulingAmes.TC_01_stockPlan] - TC_01_stockPlan- Step 02: Verify Stock save success
[03-01-2025 19:36:33.814 INFO com.schedulingAmes.TC_01_stockPlan] - TC_01_stockPlan- Step 21: Verify Stock save success
[03-01-2025 19:36:33.815 INFO com.schedulingAmes.TC_01_stockPlan] - TC_01_stockPlan- Step 21: Verify Stock save success
[03-01-2025 19:36:33.815 INFO com.schedulingAmes.TC_01_stockPlan] - TC_01_stockPlan- Step 21: Verify Stock save success
[03-01-2025 19:36:33.815 INFO com.schedulingAmes.TC_01_stockPlan] - TC_01_stockPlan- Step 21: Verify Stock save success
[03-01-2025 19:36:33.815 INFO com.schedulingAmes.TC_01_stockPlan] - TC_01_stockPlan- Step 21: Verify Stock save success
