[04-01-2025 21:41:44.932 INFO com.schedulingAmes.TC_01_stockPlan] - TC_01_stockPlan- Step 1: Click on main menu
[04-01-2025 21:41:45.751 INFO com.schedulingAmes.TC_01_stockPlan] - TC_01_stockPlan- Step 2: Click on Stock Plan menu
[04-01-2025 21:41:45.870 INFO com.schedulingAmes.TC_01_stockPlan] - TC_01_stockPlan- Step 3: Click on Stock Plan Child Menu
[04-01-2025 21:41:45.998 INFO com.schedulingAmes.TC_01_stockPlan] - TC_01_stockPlan- Step 4: Select Product Line Dropdown
[04-01-2025 21:41:48.214 INFO com.schedulingAmes.TC_01_stockPlan] - TC_01_stockPlan- Step 5: Select Eguipment Group
[04-01-2025 21:41:50.903 INFO com.schedulingAmes.TC_01_stockPlan] - TC_01_stockPlan- Step 6: Select Machine
[04-01-2025 21:41:53.088 INFO com.schedulingAmes.TC_01_stockPlan] - TC_01_stockPlan- Step 7: Click filter
[04-01-2025 21:41:53.185 INFO com.schedulingAmes.TC_01_stockPlan] - TC_01_stockPlan- Step 8: Get the last Stock PO
[04-01-2025 21:41:58.645 INFO com.schedulingAmes.TC_01_stockPlan] - TC_01_stockPlan- Step 9: Click Modify
[04-01-2025 21:41:58.716 INFO com.schedulingAmes.TC_01_stockPlan] - TC_01_stockPlan- Step 10: Verify lock user
[04-01-2025 21:41:59.325 INFO com.schedulingAmes.TC_01_stockPlan] - ------PASSED---------
[04-01-2025 21:41:59.326 INFO com.schedulingAmes.TC_01_stockPlan] - TC_01_stockPlan- Step 11: Click New Stock Plan
[04-01-2025 21:42:00.594 INFO com.schedulingAmes.TC_01_stockPlan] - TC_01_stockPlan- Step 12: Select dropdown product line
[04-01-2025 21:42:02.839 INFO com.schedulingAmes.TC_01_stockPlan] - TC_01_stockPlan- Step 13: Select Machine
[04-01-2025 21:42:07.050 INFO com.schedulingAmes.TC_01_stockPlan] - TC_01_stockPlan- Step 14: Select Article
[04-01-2025 21:42:09.277 INFO com.schedulingAmes.TC_01_stockPlan] - TC_01_stockPlan- Step 15: Enter quantity
[04-01-2025 21:42:11.035 INFO com.schedulingAmes.TC_01_stockPlan] - TC_01_stockPlan- Step 16: Select TBM Order Number
[04-01-2025 21:42:13.224 INFO com.schedulingAmes.TC_01_stockPlan] - TC_01_stockPlan- Step 17: Select status
[04-01-2025 21:42:15.406 INFO com.schedulingAmes.TC_01_stockPlan] - TC_01_stockPlan- Step 18: Enter Text comment
[04-01-2025 21:42:15.496 INFO com.schedulingAmes.TC_01_stockPlan] - TC_01_stockPlan- Step19: Verify Start and End date
[04-01-2025 21:42:15.534 INFO com.schedulingAmes.TC_01_stockPlan] - ------PASSED---------
[04-01-2025 21:42:15.534 INFO com.schedulingAmes.TC_01_stockPlan] - TC_01_stockPlan- Step 20: Click Save
[04-01-2025 21:42:15.611 INFO com.schedulingAmes.TC_01_stockPlan] - TC_01_stockPlan- Step 21: Verify Stock save success
[04-01-2025 21:42:16.205 INFO com.schedulingAmes.TC_01_stockPlan] - ------PASSED---------
[04-01-2025 21:42:16.205 INFO com.schedulingAmes.TC_01_stockPlan] - TC_01_stockPlan- Step 22: Verify the new stock PO is created
[04-01-2025 21:42:19.518 INFO com.schedulingAmes.TC_01_stockPlan] - TC_01_stockPlan- Step 01: Select Stock PO
[04-01-2025 21:42:19.518 INFO com.schedulingAmes.TC_01_stockPlan] - TC_01_stockPlan- Step 02: Verify Stock save success
[04-01-2025 21:42:19.518 INFO com.schedulingAmes.TC_01_stockPlan] - TC_01_stockPlan- Step 21: Verify Stock save success
[04-01-2025 21:42:19.518 INFO com.schedulingAmes.TC_01_stockPlan] - TC_01_stockPlan- Step 21: Verify Stock save success
[04-01-2025 21:42:19.519 INFO com.schedulingAmes.TC_01_stockPlan] - TC_01_stockPlan- Step 21: Verify Stock save success
[04-01-2025 21:42:19.519 INFO com.schedulingAmes.TC_01_stockPlan] - TC_01_stockPlan- Step 21: Verify Stock save success
[04-01-2025 21:42:19.519 INFO com.schedulingAmes.TC_01_stockPlan] - TC_01_stockPlan- Step 21: Verify Stock save success
