[03-01-2025 19:46:10.009 INFO com.schedulingAmes.TC_01_stockPlan] - TC_01_stockPlan- Step 1: Click on main menu
[03-01-2025 19:46:10.824 INFO com.schedulingAmes.TC_01_stockPlan] - TC_01_stockPlan- Step 2: Click on Stock Plan menu
[03-01-2025 19:46:10.936 INFO com.schedulingAmes.TC_01_stockPlan] - TC_01_stockPlan- Step 3: Click on Stock Plan Child Menu
[03-01-2025 19:46:11.059 INFO com.schedulingAmes.TC_01_stockPlan] - TC_01_stockPlan- Step 4: Select Product Line Dropdown
[03-01-2025 19:46:13.290 INFO com.schedulingAmes.TC_01_stockPlan] - TC_01_stockPlan- Step 5: Select Eguipment Group
[03-01-2025 19:46:16.148 INFO com.schedulingAmes.TC_01_stockPlan] - TC_01_stockPlan- Step 6: Select Machine
[03-01-2025 19:46:18.366 INFO com.schedulingAmes.TC_01_stockPlan] - TC_01_stockPlan- Step 7: Click filter
[03-01-2025 19:46:18.470 INFO com.schedulingAmes.TC_01_stockPlan] - TC_01_stockPlan- Step 8: Get the last Stock PO
[03-01-2025 19:46:23.750 INFO com.schedulingAmes.TC_01_stockPlan] - TC_01_stockPlan- Step 9: Click Modify
[03-01-2025 19:46:23.823 INFO com.schedulingAmes.TC_01_stockPlan] - TC_01_stockPlan- Step 10: Verify lock user
[03-01-2025 19:46:24.471 INFO com.schedulingAmes.TC_01_stockPlan] - ------PASSED---------
[03-01-2025 19:46:24.471 INFO com.schedulingAmes.TC_01_stockPlan] - TC_01_stockPlan- Step 11: Click New Stock Plan
[03-01-2025 19:46:25.883 INFO com.schedulingAmes.TC_01_stockPlan] - TC_01_stockPlan- Step 12: Select dropdown product line
[03-01-2025 19:46:28.099 INFO com.schedulingAmes.TC_01_stockPlan] - TC_01_stockPlan- Step 13: Select Machine
[03-01-2025 19:46:32.288 INFO com.schedulingAmes.TC_01_stockPlan] - TC_01_stockPlan- Step 14: Select Article
[03-01-2025 19:46:34.523 INFO com.schedulingAmes.TC_01_stockPlan] - TC_01_stockPlan- Step 15: Enter quantity
[03-01-2025 19:46:36.903 INFO com.schedulingAmes.TC_01_stockPlan] - TC_01_stockPlan- Step 16: Select TBM Order Number
[03-01-2025 19:46:39.103 INFO com.schedulingAmes.TC_01_stockPlan] - TC_01_stockPlan- Step 17: Select status
[03-01-2025 19:46:41.292 INFO com.schedulingAmes.TC_01_stockPlan] - TC_01_stockPlan- Step 18: Enter Text comment
[03-01-2025 19:46:41.391 INFO com.schedulingAmes.TC_01_stockPlan] - TC_01_stockPlan- Step19: Verify Start and End date
[03-01-2025 19:46:41.424 INFO com.schedulingAmes.TC_01_stockPlan] - ------PASSED---------
[03-01-2025 19:46:41.424 INFO com.schedulingAmes.TC_01_stockPlan] - TC_01_stockPlan- Step 20: Click Save
[03-01-2025 19:46:41.497 INFO com.schedulingAmes.TC_01_stockPlan] - TC_01_stockPlan- Step 21: Verify Stock save success
[03-01-2025 19:46:42.197 INFO com.schedulingAmes.TC_01_stockPlan] - ------PASSED---------
[03-01-2025 19:46:42.197 INFO com.schedulingAmes.TC_01_stockPlan] - TC_01_stockPlan- Step 22: Verify the new stock PO is created
[03-01-2025 19:46:47.496 INFO com.schedulingAmes.TC_01_stockPlan] - TC_01_stockPlan- Step 01: Select Stock PO
[03-01-2025 19:46:47.497 INFO com.schedulingAmes.TC_01_stockPlan] - TC_01_stockPlan- Step 02: Verify Stock save success
[03-01-2025 19:46:47.497 INFO com.schedulingAmes.TC_01_stockPlan] - TC_01_stockPlan- Step 21: Verify Stock save success
[03-01-2025 19:46:47.497 INFO com.schedulingAmes.TC_01_stockPlan] - TC_01_stockPlan- Step 21: Verify Stock save success
[03-01-2025 19:46:47.497 INFO com.schedulingAmes.TC_01_stockPlan] - TC_01_stockPlan- Step 21: Verify Stock save success
[03-01-2025 19:46:47.497 INFO com.schedulingAmes.TC_01_stockPlan] - TC_01_stockPlan- Step 21: Verify Stock save success
[03-01-2025 19:46:47.497 INFO com.schedulingAmes.TC_01_stockPlan] - TC_01_stockPlan- Step 21: Verify Stock save success
