[04-01-2025 21:03:00.976 INFO com.schedulingAmes.TC_01_stockPlan] - TC_01_stockPlan- Step 1: Click on main menu
[04-01-2025 21:03:01.694 INFO com.schedulingAmes.TC_01_stockPlan] - TC_01_stockPlan- Step 2: Click on Stock Plan menu
[04-01-2025 21:03:01.781 INFO com.schedulingAmes.TC_01_stockPlan] - TC_01_stockPlan- Step 3: Click on Stock Plan Child Menu
[04-01-2025 21:03:01.945 INFO com.schedulingAmes.TC_01_stockPlan] - TC_01_stockPlan- Step 4: Select Product Line Dropdown
[04-01-2025 21:03:04.187 INFO com.schedulingAmes.TC_01_stockPlan] - TC_01_stockPlan- Step 5: Select Eguipment Group
[04-01-2025 21:03:06.868 INFO com.schedulingAmes.TC_01_stockPlan] - TC_01_stockPlan- Step 6: Select Machine
[04-01-2025 21:03:09.086 INFO com.schedulingAmes.TC_01_stockPlan] - TC_01_stockPlan- Step 7: Click filter
[04-01-2025 21:03:09.186 INFO com.schedulingAmes.TC_01_stockPlan] - TC_01_stockPlan- Step 8: Get the last Stock PO
[04-01-2025 21:03:14.660 INFO com.schedulingAmes.TC_01_stockPlan] - TC_01_stockPlan- Step 9: Click Modify
[04-01-2025 21:03:14.728 INFO com.schedulingAmes.TC_01_stockPlan] - TC_01_stockPlan- Step 10: Verify lock user
[04-01-2025 21:03:15.166 INFO com.schedulingAmes.TC_01_stockPlan] - ------PASSED---------
[04-01-2025 21:03:15.166 INFO com.schedulingAmes.TC_01_stockPlan] - TC_01_stockPlan- Step 11: Click New Stock Plan
[04-01-2025 21:03:16.614 INFO com.schedulingAmes.TC_01_stockPlan] - TC_01_stockPlan- Step 12: Select dropdown product line
[04-01-2025 21:03:18.980 INFO com.schedulingAmes.TC_01_stockPlan] - TC_01_stockPlan- Step 13: Select Machine
[04-01-2025 21:03:23.170 INFO com.schedulingAmes.TC_01_stockPlan] - TC_01_stockPlan- Step 14: Select Article
[04-01-2025 21:03:25.401 INFO com.schedulingAmes.TC_01_stockPlan] - TC_01_stockPlan- Step 15: Enter quantity
[04-01-2025 21:03:27.046 INFO com.schedulingAmes.TC_01_stockPlan] - TC_01_stockPlan- Step 16: Select TBM Order Number
[04-01-2025 21:03:29.233 INFO com.schedulingAmes.TC_01_stockPlan] - TC_01_stockPlan- Step 17: Select status
[04-01-2025 21:03:31.427 INFO com.schedulingAmes.TC_01_stockPlan] - TC_01_stockPlan- Step 18: Enter Text comment
[04-01-2025 21:03:31.518 INFO com.schedulingAmes.TC_01_stockPlan] - TC_01_stockPlan- Step19: Verify Start and End date
[04-01-2025 21:03:31.551 INFO com.schedulingAmes.TC_01_stockPlan] - ------PASSED---------
[04-01-2025 21:03:31.552 INFO com.schedulingAmes.TC_01_stockPlan] - TC_01_stockPlan- Step 20: Click Save
[04-01-2025 21:03:31.623 INFO com.schedulingAmes.TC_01_stockPlan] - TC_01_stockPlan- Step 21: Verify Stock save success
[04-01-2025 21:03:32.145 INFO com.schedulingAmes.TC_01_stockPlan] - ------PASSED---------
[04-01-2025 21:03:32.145 INFO com.schedulingAmes.TC_01_stockPlan] - TC_01_stockPlan- Step 22: Verify the new stock PO is created
[04-01-2025 21:03:40.509 INFO com.schedulingAmes.TC_01_stockPlan] - TC_01_stockPlan- Step 01: Select Stock PO
[04-01-2025 21:03:40.509 INFO com.schedulingAmes.TC_01_stockPlan] - TC_01_stockPlan- Step 02: Verify Stock save success
[04-01-2025 21:03:40.509 INFO com.schedulingAmes.TC_01_stockPlan] - TC_01_stockPlan- Step 21: Verify Stock save success
[04-01-2025 21:03:40.510 INFO com.schedulingAmes.TC_01_stockPlan] - TC_01_stockPlan- Step 21: Verify Stock save success
[04-01-2025 21:03:40.510 INFO com.schedulingAmes.TC_01_stockPlan] - TC_01_stockPlan- Step 21: Verify Stock save success
[04-01-2025 21:03:40.510 INFO com.schedulingAmes.TC_01_stockPlan] - TC_01_stockPlan- Step 21: Verify Stock save success
[04-01-2025 21:03:40.510 INFO com.schedulingAmes.TC_01_stockPlan] - TC_01_stockPlan- Step 21: Verify Stock save success
