[17-12-2024 16:04:52.808 INFO com.schedulingAmes.TC_01_stockPlan] - TC_01_stockPlan- Step 1: Click on main menu
[17-12-2024 16:04:53.327 INFO com.schedulingAmes.TC_01_stockPlan] - TC_01_stockPlan- Step 2: Click on Stock Plan menu
[17-12-2024 16:04:53.432 INFO com.schedulingAmes.TC_01_stockPlan] - TC_01_stockPlan- Step 3: Click on Stock Plan Child Menu
[17-12-2024 16:04:53.551 INFO com.schedulingAmes.TC_01_stockPlan] - TC_01_stockPlan- Step 4: Select Product Line Dropdown
[17-12-2024 16:04:55.790 INFO com.schedulingAmes.TC_01_stockPlan] - TC_01_stockPlan- Step 5: Select Eguipment Group
[17-12-2024 16:04:58.387 INFO com.schedulingAmes.TC_01_stockPlan] - TC_01_stockPlan- Step 6: Select Machine
[17-12-2024 16:05:00.574 INFO com.schedulingAmes.TC_01_stockPlan] - TC_01_stockPlan- Step 7: Click filter
[17-12-2024 16:05:00.681 INFO com.schedulingAmes.TC_01_stockPlan] - TC_01_stockPlan- Step 8: Get the last Stock PO
[17-12-2024 16:05:05.179 INFO com.schedulingAmes.TC_01_stockPlan] - TC_01_stockPlan- Step 9: Click Modify
[17-12-2024 16:05:05.264 INFO com.schedulingAmes.TC_01_stockPlan] - TC_01_stockPlan- Step 10: Verify lock user
[17-12-2024 16:05:05.644 INFO com.schedulingAmes.TC_01_stockPlan] - ------PASSED---------
[17-12-2024 16:05:05.644 INFO com.schedulingAmes.TC_01_stockPlan] - TC_01_stockPlan- Step 11: Click New Stock Plan
[17-12-2024 16:05:07.399 INFO com.schedulingAmes.TC_01_stockPlan] - TC_01_stockPlan- Step 12: Select dropdown product line
[17-12-2024 16:05:09.667 INFO com.schedulingAmes.TC_01_stockPlan] - TC_01_stockPlan- Step 13: Select Machine
[17-12-2024 16:05:13.861 INFO com.schedulingAmes.TC_01_stockPlan] - TC_01_stockPlan- Step 14: Select Article
[17-12-2024 16:05:16.059 INFO com.schedulingAmes.TC_01_stockPlan] - TC_01_stockPlan- Step 15: Enter quantity
[17-12-2024 16:05:17.713 INFO com.schedulingAmes.TC_01_stockPlan] - TC_01_stockPlan- Step 16: Select TBM Order Number
[17-12-2024 16:05:19.902 INFO com.schedulingAmes.TC_01_stockPlan] - TC_01_stockPlan- Step 17: Select status
[17-12-2024 16:05:22.094 INFO com.schedulingAmes.TC_01_stockPlan] - TC_01_stockPlan- Step 18: Enter Text comment
[17-12-2024 16:05:22.185 INFO com.schedulingAmes.TC_01_stockPlan] - TC_01_stockPlan- Step19: Verify Start and End date
[17-12-2024 16:05:22.220 INFO com.schedulingAmes.TC_01_stockPlan] - ------PASSED---------
[17-12-2024 16:05:22.220 INFO com.schedulingAmes.TC_01_stockPlan] - TC_01_stockPlan- Step 20: Click Save
[17-12-2024 16:05:22.291 INFO com.schedulingAmes.TC_01_stockPlan] - TC_01_stockPlan- Step 21: Verify Stock save success
[17-12-2024 16:05:22.762 INFO com.schedulingAmes.TC_01_stockPlan] - ------PASSED---------
[17-12-2024 16:05:22.762 INFO com.schedulingAmes.TC_01_stockPlan] - TC_01_stockPlan- Step 22: Verify sort list by time
[17-12-2024 16:05:26.530 INFO com.schedulingAmes.TC_01_stockPlan] - ------FAILED---------
[17-12-2024 16:05:26.530 INFO com.schedulingAmes.TC_01_stockPlan] - TC_01_stockPlan- Step 23: Verify line no is - for PO status is Outputting
