[10-12-2024 20:14:42.624 INFO com.schedulingAmes.TC_01_stockPlan] - TC_01_stockPlan- Step 1: Click on main menu
[10-12-2024 20:14:43.290 INFO com.schedulingAmes.TC_01_stockPlan] - TC_01_stockPlan- Step 2: Click on Stock Plan menu
[10-12-2024 20:14:43.419 INFO com.schedulingAmes.TC_01_stockPlan] - TC_01_stockPlan- Step 3: Click on Stock Plan Child Menu
[10-12-2024 20:14:43.570 INFO com.schedulingAmes.TC_01_stockPlan] - TC_01_stockPlan- Step 4: Select Product Line Dropdown
[10-12-2024 20:14:45.864 INFO com.schedulingAmes.TC_01_stockPlan] - TC_01_stockPlan- Step 5: Select Eguipment Group
[10-12-2024 20:14:48.816 INFO com.schedulingAmes.TC_01_stockPlan] - TC_01_stockPlan- Step 6: Select Machine
[10-12-2024 20:14:51.142 INFO com.schedulingAmes.TC_01_stockPlan] - TC_01_stockPlan- Step 7: Click filter
[10-12-2024 20:14:51.332 INFO com.schedulingAmes.TC_01_stockPlan] - TC_01_stockPlan- Step 8: Get the last Stock PO
[10-12-2024 20:14:57.456 INFO com.schedulingAmes.TC_01_stockPlan] - TC_01_stockPlan- Step 9: Click Modify
[10-12-2024 20:14:57.555 INFO com.schedulingAmes.TC_01_stockPlan] - TC_01_stockPlan- Step 10: Verify lock user
[10-12-2024 20:14:58.094 INFO com.schedulingAmes.TC_01_stockPlan] - ------PASSED---------
[10-12-2024 20:14:58.094 INFO com.schedulingAmes.TC_01_stockPlan] - TC_01_stockPlan- Step 11: Click New Stock Plan
[10-12-2024 20:14:59.564 INFO com.schedulingAmes.TC_01_stockPlan] - TC_01_stockPlan- Step 12: Select dropdown product line
[10-12-2024 20:15:01.880 INFO com.schedulingAmes.TC_01_stockPlan] - TC_01_stockPlan- Step 13: Select Machine
[10-12-2024 20:15:06.165 INFO com.schedulingAmes.TC_01_stockPlan] - TC_01_stockPlan- Step 14: Select Article
[10-12-2024 20:15:08.470 INFO com.schedulingAmes.TC_01_stockPlan] - TC_01_stockPlan- Step 15: Enter quantity
[10-12-2024 20:15:11.793 INFO com.schedulingAmes.TC_01_stockPlan] - TC_01_stockPlan- Step 16: Select TBM Order Number
[10-12-2024 20:15:14.010 INFO com.schedulingAmes.TC_01_stockPlan] - TC_01_stockPlan- Step 17: Select status
[10-12-2024 20:15:16.286 INFO com.schedulingAmes.TC_01_stockPlan] - TC_01_stockPlan- Step 18: Enter Text comment
[10-12-2024 20:15:16.414 INFO com.schedulingAmes.TC_01_stockPlan] - TC_01_stockPlan- Step19: Verify Start and End date
[10-12-2024 20:15:16.459 INFO com.schedulingAmes.TC_01_stockPlan] - ------FAILED---------
[10-12-2024 20:15:16.459 INFO com.schedulingAmes.TC_01_stockPlan] - TC_01_stockPlan- Step 120: Click Save
[10-12-2024 20:15:16.652 INFO com.schedulingAmes.TC_01_stockPlan] - TC_01_stockPlan- Step 21: Verify Stock save success
[10-12-2024 20:15:17.230 INFO com.schedulingAmes.TC_01_stockPlan] - ------PASSED---------
