[08-12-2024 19:50:54.959 INFO com.schedulingAmes.TC_01_stockPlan] - TC_01_stockPlan- Step 1: Click on main menu
[08-12-2024 19:50:55.753 INFO com.schedulingAmes.TC_01_stockPlan] - TC_01_stockPlan- Step 2: Click on Stock Plan menu
[08-12-2024 19:50:55.896 INFO com.schedulingAmes.TC_01_stockPlan] - TC_01_stockPlan- Step 3: Click on Stock Plan Child Menu
[08-12-2024 19:50:56.038 INFO com.schedulingAmes.TC_01_stockPlan] - TC_01_stockPlan- Step 4: Select Product Line Dropdown
[08-12-2024 19:50:58.244 INFO com.schedulingAmes.TC_01_stockPlan] - TC_01_stockPlan- Step 5: Select Eguipment Group
[08-12-2024 19:51:01.406 INFO com.schedulingAmes.TC_01_stockPlan] - TC_01_stockPlan- Step 6: Select Machine
[08-12-2024 19:51:03.604 INFO com.schedulingAmes.TC_01_stockPlan] - TC_01_stockPlan- Step 6: Click filter
[08-12-2024 19:51:03.702 INFO com.schedulingAmes.TC_01_stockPlan] - TC_01_stockPlan- Step 6: Get the last Stock PO
[08-12-2024 19:51:07.075 INFO com.schedulingAmes.TC_01_stockPlan] - TC_01_stockPlan- Step 7: Click Modify
[08-12-2024 19:51:07.147 INFO com.schedulingAmes.TC_01_stockPlan] - TC_01_stockPlan- Step 8: Verify lock user
[08-12-2024 19:51:07.824 INFO com.schedulingAmes.TC_01_stockPlan] - ------PASSED---------
[08-12-2024 19:51:07.824 INFO com.schedulingAmes.TC_01_stockPlan] - TC_01_stockPlan- Step 9: Click New Stock Plan
[08-12-2024 19:51:09.237 INFO com.schedulingAmes.TC_01_stockPlan] - TC_01_stockPlan- Step 10: Select dropdown product line
[08-12-2024 19:51:11.439 INFO com.schedulingAmes.TC_01_stockPlan] - TC_01_stockPlan- Step 11: Select Machine
[08-12-2024 19:51:15.646 INFO com.schedulingAmes.TC_01_stockPlan] - TC_01_stockPlan- Step 12: Select Article
[08-12-2024 19:51:17.860 INFO com.schedulingAmes.TC_01_stockPlan] - TC_01_stockPlan- Step 13: Enter quantity
[08-12-2024 19:51:20.176 INFO com.schedulingAmes.TC_01_stockPlan] - TC_01_stockPlan- Step13: Verify Start and End date
[08-12-2024 19:51:20.177 INFO com.schedulingAmes.TC_01_stockPlan] - TC_01_stockPlan- Step 14: Select TBM Order Number
[08-12-2024 19:51:22.358 INFO com.schedulingAmes.TC_01_stockPlan] - TC_01_stockPlan- Step 15: Select status
[08-12-2024 19:51:24.537 INFO com.schedulingAmes.TC_01_stockPlan] - TC_01_stockPlan- Step 16: Enter Text comment
[08-12-2024 19:51:24.629 INFO com.schedulingAmes.TC_01_stockPlan] - TC_01_stockPlan- Step 17: Click Save
[08-12-2024 19:51:24.708 INFO com.schedulingAmes.TC_01_stockPlan] - TC_01_stockPlan- Step 18: Verify Stock save success
[08-12-2024 19:51:25.441 INFO com.schedulingAmes.TC_01_stockPlan] - ------PASSED---------
