[08-12-2024 18:59:42.455 INFO com.schedulingAmes.TC_01_stockPlan] - TC_01_stockPlan- Step 1: Click on main menu
[08-12-2024 18:59:43.309 INFO com.schedulingAmes.TC_01_stockPlan] - TC_01_stockPlan- Step 2: Click on Stock Plan menu
[08-12-2024 18:59:43.430 INFO com.schedulingAmes.TC_01_stockPlan] - TC_01_stockPlan- Step 3: Click on Stock Plan Child Menu
[08-12-2024 18:59:43.555 INFO com.schedulingAmes.TC_01_stockPlan] - TC_01_stockPlan- Step 4: Select Product Line Dropdown
[08-12-2024 18:59:45.801 INFO com.schedulingAmes.TC_01_stockPlan] - TC_01_stockPlan- Step 5: Select Eguipment Group
[08-12-2024 18:59:49.589 INFO com.schedulingAmes.TC_01_stockPlan] - TC_01_stockPlan- Step 6: Select Machine
[08-12-2024 18:59:51.805 INFO com.schedulingAmes.TC_01_stockPlan] - TC_01_stockPlan- Step 6: Click filter
[08-12-2024 18:59:51.906 INFO com.schedulingAmes.TC_01_stockPlan] - TC_01_stockPlan- Step 6: Get the last Stock PO
[08-12-2024 18:59:52.600 INFO com.schedulingAmes.TC_01_stockPlan] - TC_01_stockPlan- Step 7: Click Modify
[08-12-2024 18:59:52.686 INFO com.schedulingAmes.TC_01_stockPlan] - TC_01_stockPlan- Step 8: Verify lock user
[08-12-2024 18:59:53.381 INFO com.schedulingAmes.TC_01_stockPlan] - ------PASSED---------
[08-12-2024 18:59:53.382 INFO com.schedulingAmes.TC_01_stockPlan] - TC_01_stockPlan- Step 9: Click New Stock Plan
[08-12-2024 18:59:55.143 INFO com.schedulingAmes.TC_01_stockPlan] - TC_01_stockPlan- Step 10: Select dropdown product line
[08-12-2024 18:59:57.359 INFO com.schedulingAmes.TC_01_stockPlan] - TC_01_stockPlan- Step 11: Select Machine
[08-12-2024 19:00:01.583 INFO com.schedulingAmes.TC_01_stockPlan] - TC_01_stockPlan- Step 12: Select Article
[08-12-2024 19:00:03.826 INFO com.schedulingAmes.TC_01_stockPlan] - TC_01_stockPlan- Step 13: Enter quantity
[08-12-2024 19:00:06.196 INFO com.schedulingAmes.TC_01_stockPlan] - TC_01_stockPlan- Step13: Verify Start and End date
[08-12-2024 19:00:06.197 INFO com.schedulingAmes.TC_01_stockPlan] - TC_01_stockPlan- Step 14: Select TBM Order Number
[08-12-2024 19:00:08.385 INFO com.schedulingAmes.TC_01_stockPlan] - TC_01_stockPlan- Step 15: Select status
[08-12-2024 19:00:10.588 INFO com.schedulingAmes.TC_01_stockPlan] - TC_01_stockPlan- Step 16: Enter Text comment
[08-12-2024 19:00:10.686 INFO com.schedulingAmes.TC_01_stockPlan] - TC_01_stockPlan- Step 17: Click Save
[08-12-2024 19:00:10.765 INFO com.schedulingAmes.TC_01_stockPlan] - TC_01_stockPlan- Step 18: Verify Stock save success
[08-12-2024 19:00:11.551 INFO com.schedulingAmes.TC_01_stockPlan] - ------PASSED---------
