[26-12-2024 19:39:31.435 INFO com.schedulingAmes.TC_02_stockPlan_VerifyStockPOList] - TC_01_stockPlan- Step 1: Click on main menu
[26-12-2024 19:39:32.111 INFO com.schedulingAmes.TC_02_stockPlan_VerifyStockPOList] - TC_01_stockPlan- Step 2: Click on Stock Plan menu
[26-12-2024 19:39:32.245 INFO com.schedulingAmes.TC_02_stockPlan_VerifyStockPOList] - TC_01_stockPlan- Step 3: Click on Stock Plan Child Menu
[26-12-2024 19:39:32.392 INFO com.schedulingAmes.TC_02_stockPlan_VerifyStockPOList] - TC_01_stockPlan- Step 4: Select Product Line Dropdown
[26-12-2024 19:39:34.623 INFO com.schedulingAmes.TC_02_stockPlan_VerifyStockPOList] - TC_01_stockPlan- Step 5: Select Eguipment Group
[26-12-2024 19:39:37.296 INFO com.schedulingAmes.TC_02_stockPlan_VerifyStockPOList] - TC_01_stockPlan- Step 6: Select Machine
[26-12-2024 19:39:39.475 INFO com.schedulingAmes.TC_02_stockPlan_VerifyStockPOList] - TC_01_stockPlan- Step 7: Click filter
[26-12-2024 19:39:39.605 INFO com.schedulingAmes.TC_02_stockPlan_VerifyStockPOList] - TC_01_stockPlan- Step 24: Verify buttons after click filter
[26-12-2024 19:39:42.072 INFO com.schedulingAmes.TC_02_stockPlan_VerifyStockPOList] - ------PASSED---------
[26-12-2024 19:39:42.073 INFO com.schedulingAmes.TC_02_stockPlan_VerifyStockPOList] - TC_01_stockPlan- Step 22: Verify sort list by time
[26-12-2024 19:39:43.199 INFO com.schedulingAmes.TC_02_stockPlan_VerifyStockPOList] - ------PASSED---------
[26-12-2024 19:39:43.200 INFO com.schedulingAmes.TC_02_stockPlan_VerifyStockPOList] - TC_01_stockPlan- Step 23: Verify line no is - for PO status is Outputting
[26-12-2024 19:39:43.200 INFO com.schedulingAmes.TC_02_stockPlan_VerifyStockPOList] - TC_01_stockPlan- Step 24: click Modify
[26-12-2024 19:39:43.279 INFO com.schedulingAmes.TC_02_stockPlan_VerifyStockPOList] - TC_01_stockPlan- Step 24: Verify buttons visible after Modify
[26-12-2024 19:39:44.172 INFO com.schedulingAmes.TC_02_stockPlan_VerifyStockPOList] - ------PASSED---------
[26-12-2024 19:39:44.172 INFO com.schedulingAmes.TC_02_stockPlan_VerifyStockPOList] - TC_01_stockPlan- Step 24: Verify buttons visible after Modify
[26-12-2024 19:39:46.574 INFO com.schedulingAmes.TC_02_stockPlan_VerifyStockPOList] - ------PASSED---------
[26-12-2024 19:39:46.574 INFO com.schedulingAmes.TC_02_stockPlan_VerifyStockPOList] - TC_01_stockPlan- Step 24: Verify buttons visible after Modify
[26-12-2024 19:39:46.637 INFO com.schedulingAmes.TC_02_stockPlan_VerifyStockPOList] - ------PASSED---------
[26-12-2024 19:39:46.638 INFO com.schedulingAmes.TC_02_stockPlan_VerifyStockPOList] - TC_01_stockPlan- Step 24: Verify buttons visible after Modify
[26-12-2024 19:39:46.694 INFO com.schedulingAmes.TC_02_stockPlan_VerifyStockPOList] - ------PASSED---------
[26-12-2024 19:39:46.694 INFO com.schedulingAmes.TC_02_stockPlan_VerifyStockPOList] - TC_01_stockPlan- Step 24: Verify buttons visible after Modify
[26-12-2024 19:39:46.745 INFO com.schedulingAmes.TC_02_stockPlan_VerifyStockPOList] - ------PASSED---------
[26-12-2024 19:39:46.745 INFO com.schedulingAmes.TC_02_stockPlan_VerifyStockPOList] - TC_01_stockPlan- Step 24: Verify buttons visible after Modify
[26-12-2024 19:39:46.795 INFO com.schedulingAmes.TC_02_stockPlan_VerifyStockPOList] - ------PASSED---------
